[FATAL] 2021-09-07 00:06:22.534 [main] TC_UserLoginTest_001 - Launch browser
[INFO ] 2021-09-07 00:06:22.718 [main] TC_UserLoginTest_001 - Browser successfully opened 
[INFO ] 2021-09-07 00:06:22.806 [main] TC_UserLoginTest_001 - username entered
[INFO ] 2021-09-07 00:06:22.870 [main] TC_UserLoginTest_001 - password entered
[INFO ] 2021-09-07 00:06:27.118 [main] Userbaseclass - username provided::9346078959
[INFO ] 2021-09-07 00:06:27.182 [main] Userbaseclass - password provided::1234
[INFO ] 2021-09-07 00:06:29.271 [main] Userbaseclass - login passed
[INFO ] 2021-09-07 00:06:30.602 [main] Userbaseclass - username provided::9243581353
[INFO ] 2021-09-07 00:06:30.674 [main] Userbaseclass - password provided::456813
[INFO ] 2021-09-07 00:06:32.745 [main] Userbaseclass - login passed
[ERROR] 2021-09-07 00:06:43.829 [main] Userloginpage - This error message ::: org.openqa.selenium.NoSuchElementException: no such element: Unable to locate element: {"method":"xpath","selector":"/html/body/div[1]/header/div/div/nav/ul/li[18]/a"}
  (Session info: chrome=93.0.4577.63)
For documentation on this error, please visit: https://www.seleniumhq.org/exceptions/no_such_element.html
Build info: version: '3.141.59', revision: 'e82be7d358', time: '2018-11-14T08:17:03'
System info: host: 'LAPTOP-P3EADNK9', ip: '192.168.56.1', os.name: 'Windows 10', os.arch: 'amd64', os.version: '10.0', java.version: '1.8.0_301'
Driver info: org.openqa.selenium.chrome.ChromeDriver
Capabilities {acceptInsecureCerts: false, browserName: chrome, browserVersion: 93.0.4577.63, chrome: {chromedriverVersion: 92.0.4515.107 (87a818b10553..., userDataDir: C:\Users\ANUSHA\AppData\Loc...}, goog:chromeOptions: {debuggerAddress: localhost:56582}, javascriptEnabled: true, networkConnectionEnabled: false, pageLoadStrategy: normal, platform: WINDOWS, platformName: WINDOWS, proxy: Proxy(), setWindowRect: true, strictFileInteractability: false, timeouts: {implicit: 0, pageLoad: 300000, script: 30000}, unhandledPromptBehavior: dismiss and notify, webauthn:extension:credBlob: true, webauthn:extension:largeBlob: true, webauthn:virtualAuthenticators: true}
Session ID: df153fc5e60286d77c2f78e6dabbb3fb
*** Element info: {Using=xpath, value=/html/body/div[1]/header/div/div/nav/ul/li[18]/a}
[INFO ] 2021-09-07 00:06:44.096 [main] Userbaseclass - username provided::9346078959
[INFO ] 2021-09-07 00:06:44.169 [main] Userbaseclass - password provided::12345
[INFO ] 2021-09-07 00:06:46.233 [main] Userbaseclass - login passed
[ERROR] 2021-09-07 00:06:57.292 [main] Userloginpage - This error message ::: org.openqa.selenium.NoSuchElementException: no such element: Unable to locate element: {"method":"xpath","selector":"/html/body/div[1]/header/div/div/nav/ul/li[18]/a"}
  (Session info: chrome=93.0.4577.63)
For documentation on this error, please visit: https://www.seleniumhq.org/exceptions/no_such_element.html
Build info: version: '3.141.59', revision: 'e82be7d358', time: '2018-11-14T08:17:03'
System info: host: 'LAPTOP-P3EADNK9', ip: '192.168.56.1', os.name: 'Windows 10', os.arch: 'amd64', os.version: '10.0', java.version: '1.8.0_301'
Driver info: org.openqa.selenium.chrome.ChromeDriver
Capabilities {acceptInsecureCerts: false, browserName: chrome, browserVersion: 93.0.4577.63, chrome: {chromedriverVersion: 92.0.4515.107 (87a818b10553..., userDataDir: C:\Users\ANUSHA\AppData\Loc...}, goog:chromeOptions: {debuggerAddress: localhost:56582}, javascriptEnabled: true, networkConnectionEnabled: false, pageLoadStrategy: normal, platform: WINDOWS, platformName: WINDOWS, proxy: Proxy(), setWindowRect: true, strictFileInteractability: false, timeouts: {implicit: 0, pageLoad: 300000, script: 30000}, unhandledPromptBehavior: dismiss and notify, webauthn:extension:credBlob: true, webauthn:extension:largeBlob: true, webauthn:virtualAuthenticators: true}
Session ID: df153fc5e60286d77c2f78e6dabbb3fb
*** Element info: {Using=xpath, value=/html/body/div[1]/header/div/div/nav/ul/li[18]/a}
[INFO ] 2021-09-07 00:06:57.545 [main] Userbaseclass - username provided::9346078959
[INFO ] 2021-09-07 00:06:57.617 [main] Userbaseclass - password provided::1234
[INFO ] 2021-09-07 00:06:59.712 [main] Userbaseclass - login passed
[INFO ] 2021-09-07 00:07:00.992 [main] Userbaseclass - username provided::8686962272
[INFO ] 2021-09-07 00:07:01.064 [main] Userbaseclass - password provided::1234
[INFO ] 2021-09-07 00:07:03.139 [main] Userbaseclass - login passed
[ERROR] 2021-09-07 00:07:14.179 [main] Userloginpage - This error message ::: org.openqa.selenium.NoSuchElementException: no such element: Unable to locate element: {"method":"xpath","selector":"/html/body/div[1]/header/div/div/nav/ul/li[18]/a"}
  (Session info: chrome=93.0.4577.63)
For documentation on this error, please visit: https://www.seleniumhq.org/exceptions/no_such_element.html
Build info: version: '3.141.59', revision: 'e82be7d358', time: '2018-11-14T08:17:03'
System info: host: 'LAPTOP-P3EADNK9', ip: '192.168.56.1', os.name: 'Windows 10', os.arch: 'amd64', os.version: '10.0', java.version: '1.8.0_301'
Driver info: org.openqa.selenium.chrome.ChromeDriver
Capabilities {acceptInsecureCerts: false, browserName: chrome, browserVersion: 93.0.4577.63, chrome: {chromedriverVersion: 92.0.4515.107 (87a818b10553..., userDataDir: C:\Users\ANUSHA\AppData\Loc...}, goog:chromeOptions: {debuggerAddress: localhost:56582}, javascriptEnabled: true, networkConnectionEnabled: false, pageLoadStrategy: normal, platform: WINDOWS, platformName: WINDOWS, proxy: Proxy(), setWindowRect: true, strictFileInteractability: false, timeouts: {implicit: 0, pageLoad: 300000, script: 30000}, unhandledPromptBehavior: dismiss and notify, webauthn:extension:credBlob: true, webauthn:extension:largeBlob: true, webauthn:virtualAuthenticators: true}
Session ID: df153fc5e60286d77c2f78e6dabbb3fb
*** Element info: {Using=xpath, value=/html/body/div[1]/header/div/div/nav/ul/li[18]/a}
[INFO ] 2021-09-07 00:07:14.436 [main] Userbaseclass - username provided::9705090668
[INFO ] 2021-09-07 00:07:14.516 [main] Userbaseclass - password provided::anu@1412
[INFO ] 2021-09-07 00:07:16.582 [main] Userbaseclass - login passed
[ERROR] 2021-09-07 00:07:27.626 [main] Userloginpage - This error message ::: org.openqa.selenium.NoSuchElementException: no such element: Unable to locate element: {"method":"xpath","selector":"/html/body/div[1]/header/div/div/nav/ul/li[18]/a"}
  (Session info: chrome=93.0.4577.63)
For documentation on this error, please visit: https://www.seleniumhq.org/exceptions/no_such_element.html
Build info: version: '3.141.59', revision: 'e82be7d358', time: '2018-11-14T08:17:03'
System info: host: 'LAPTOP-P3EADNK9', ip: '192.168.56.1', os.name: 'Windows 10', os.arch: 'amd64', os.version: '10.0', java.version: '1.8.0_301'
Driver info: org.openqa.selenium.chrome.ChromeDriver
Capabilities {acceptInsecureCerts: false, browserName: chrome, browserVersion: 93.0.4577.63, chrome: {chromedriverVersion: 92.0.4515.107 (87a818b10553..., userDataDir: C:\Users\ANUSHA\AppData\Loc...}, goog:chromeOptions: {debuggerAddress: localhost:56582}, javascriptEnabled: true, networkConnectionEnabled: false, pageLoadStrategy: normal, platform: WINDOWS, platformName: WINDOWS, proxy: Proxy(), setWindowRect: true, strictFileInteractability: false, timeouts: {implicit: 0, pageLoad: 300000, script: 30000}, unhandledPromptBehavior: dismiss and notify, webauthn:extension:credBlob: true, webauthn:extension:largeBlob: true, webauthn:virtualAuthenticators: true}
Session ID: df153fc5e60286d77c2f78e6dabbb3fb
*** Element info: {Using=xpath, value=/html/body/div[1]/header/div/div/nav/ul/li[18]/a}
