<?xml version="1.0" encoding="UTF-8"?>
<testng-results skipped="0" failed="1" ignored="0" total="1" passed="0">
  <reporter-output>
  </reporter-output>
  <suite name="Suite" duration-ms="10514" started-at="2021-09-28T20:05:15Z" finished-at="2021-09-28T20:05:25Z">
    <groups>
    </groups>
    <test name="Test" duration-ms="10514" started-at="2021-09-28T20:05:15Z" finished-at="2021-09-28T20:05:25Z">
      <class name="com.vezencare.testCases.TC_UserTopMenuTest_010">
        <test-method status="PASS" signature="setup(java.lang.String)[pri:0, instance:com.vezencare.testCases.TC_UserTopMenuTest_010@239963d8]" name="setup" is-config="true" duration-ms="2718" started-at="2021-09-28T20:05:15Z" finished-at="2021-09-28T20:05:17Z">
          <params>
            <param index="0">
              <value>
                <![CDATA[chrome]]>
              </value>
            </param>
          </params>
          <reporter-output>
          </reporter-output>
        </test-method> <!-- setup -->
        <test-method status="FAIL" signature="Usertopmenutest()[pri:0, instance:com.vezencare.testCases.TC_UserTopMenuTest_010@239963d8]" name="Usertopmenutest" duration-ms="7676" started-at="2021-09-28T20:05:17Z" finished-at="2021-09-28T20:05:25Z">
          <exception class="java.lang.AssertionError">
            <message>
              <![CDATA[expected [Hi anushaa polavarapu] but found []]]>
            </message>
            <full-stacktrace>
              <![CDATA[java.lang.AssertionError: expected [Hi anushaa polavarapu] but found []
at org.testng.Assert.fail(Assert.java:96)
at org.testng.Assert.failNotEquals(Assert.java:776)
at org.testng.Assert.assertEqualsImpl(Assert.java:137)
at org.testng.Assert.assertEquals(Assert.java:118)
at org.testng.Assert.assertEquals(Assert.java:453)
at org.testng.Assert.assertEquals(Assert.java:463)
at com.vezencare.testCases.TC_UserTopMenuTest_010.Usertopmenutest(TC_UserTopMenuTest_010.java:54)
at sun.reflect.NativeMethodAccessorImpl.invoke0(Native Method)
at sun.reflect.NativeMethodAccessorImpl.invoke(Unknown Source)
at sun.reflect.DelegatingMethodAccessorImpl.invoke(Unknown Source)
at java.lang.reflect.Method.invoke(Unknown Source)
at org.testng.internal.MethodInvocationHelper.invokeMethod(MethodInvocationHelper.java:124)
at org.testng.internal.Invoker.invokeMethod(Invoker.java:583)
at org.testng.internal.Invoker.invokeTestMethod(Invoker.java:719)
at org.testng.internal.Invoker.invokeTestMethods(Invoker.java:989)
at org.testng.internal.TestMethodWorker.invokeTestMethods(TestMethodWorker.java:125)
at org.testng.internal.TestMethodWorker.run(TestMethodWorker.java:109)
at org.testng.TestRunner.privateRun(TestRunner.java:648)
at org.testng.TestRunner.run(TestRunner.java:505)
at org.testng.SuiteRunner.runTest(SuiteRunner.java:455)
at org.testng.SuiteRunner.runSequentially(SuiteRunner.java:450)
at org.testng.SuiteRunner.privateRun(SuiteRunner.java:415)
at org.testng.SuiteRunner.run(SuiteRunner.java:364)
at org.testng.SuiteRunnerWorker.runSuite(SuiteRunnerWorker.java:52)
at org.testng.SuiteRunnerWorker.run(SuiteRunnerWorker.java:84)
at org.testng.TestNG.runSuitesSequentially(TestNG.java:1208)
at org.testng.TestNG.runSuitesLocally(TestNG.java:1137)
at org.testng.TestNG.runSuites(TestNG.java:1049)
at org.testng.TestNG.run(TestNG.java:1017)
at org.testng.remote.AbstractRemoteTestNG.run(AbstractRemoteTestNG.java:115)
at org.testng.remote.RemoteTestNG.initAndRun(RemoteTestNG.java:251)
at org.testng.remote.RemoteTestNG.main(RemoteTestNG.java:77)
]]>
            </full-stacktrace>
          </exception> <!-- java.lang.AssertionError -->
          <reporter-output>
          </reporter-output>
        </test-method> <!-- Usertopmenutest -->
        <test-method status="PASS" signature="tearDown()[pri:0, instance:com.vezencare.testCases.TC_UserTopMenuTest_010@239963d8]" name="tearDown" is-config="true" duration-ms="96" started-at="2021-09-28T20:05:25Z" finished-at="2021-09-28T20:05:25Z">
          <reporter-output>
          </reporter-output>
        </test-method> <!-- tearDown -->
      </class> <!-- com.vezencare.testCases.TC_UserTopMenuTest_010 -->
    </test> <!-- Test -->
  </suite> <!-- Suite -->
</testng-results>
